Arguments: 
  C:\Program Files\nodejs\node.exe C:\Users\db_cl\AppData\Roaming\npm\node_modules\yarn\bin\yarn.js add libsvm --save

PATH: 
  C:\Users\db_cl\AppData\Local\Continuum\anaconda3\condabin;C:\Program Files (x86)\Intel\iCLS Client;C:\Program Files\Intel\iCLS Client;C:\WINDOWS\system32;C:\WINDOWS;C:\WINDOWS\System32\Wbem;C:\WINDOWS\System32\WindowsPowerShell\v1.0;C:\Program Files (x86)\Intel\Intel(R) Management Engine Components\DAL;C:\Program Files\Intel\Intel(R) Management Engine Components\DAL;C:\Program Files (x86)\Intel\Intel(R) Management Engine Components\IPT;C:\Program Files\Intel\Intel(R) Management Engine Components\IPT;C:\Program Files\Intel\WiFi\bin;C:\Program Files\Common Files\Intel\WirelessCommon;C:\WINDOWS\System32\OpenSSH;C:\Program Files\nodejs;C:\ProgramData\chocolatey\bin;C:\Program Files\Git\cmd;C:\Users\db_cl\AppData\Local\Continuum\anaconda3;C:\Users\db_cl\AppData\Local\Continuum\anaconda3\Library\mingw-w64\bin;C:\Users\db_cl\AppData\Local\Continuum\anaconda3\Library\usr\bin;C:\Users\db_cl\AppData\Local\Continuum\anaconda3\Library\bin;C:\Users\db_cl\AppData\Local\Continuum\anaconda3\Scripts;C:\Users\db_cl\AppData\Local\Microsoft\WindowsApps;C:\ShortCut;C:\Users\db_cl\AppData\Roaming\npm;C:\Users\db_cl\AppData\Local\Programs\Microsoft VS Code\bin;C:\Users\db_cl\AppData\Local\Yarn\bin;.

Yarn version: 
  1.17.3

Node version: 
  12.9.1

Platform: 
  win32 x64

Trace: 
  Error: https://registry.yarnpkg.com/libsvm: Not found
      at Request.params.callback [as _callback] (C:\Users\db_cl\AppData\Roaming\npm\node_modules\yarn\lib\cli.js:66830:18)
      at Request.self.callback (C:\Users\db_cl\AppData\Roaming\npm\node_modules\yarn\lib\cli.js:140464:22)
      at Request.emit (events.js:209:13)
      at Request.<anonymous> (C:\Users\db_cl\AppData\Roaming\npm\node_modules\yarn\lib\cli.js:141436:10)
      at Request.emit (events.js:209:13)
      at IncomingMessage.<anonymous> (C:\Users\db_cl\AppData\Roaming\npm\node_modules\yarn\lib\cli.js:141358:12)
      at Object.onceWrapper (events.js:297:20)
      at IncomingMessage.emit (events.js:214:15)
      at endReadableNT (_stream_readable.js:1178:12)
      at processTicksAndRejections (internal/process/task_queues.js:77:11)

npm manifest: 
  {
    "name": "handwriting",
    "version": "1.0.0",
    "main": "index.js",
    "license": "MIT",
    "dependencies": {}
  }

yarn manifest: 
  No manifest

Lockfile: 
  # THIS IS AN AUTOGENERATED FILE. DO NOT EDIT THIS FILE DIRECTLY.
  # yarn lockfile v1
